[debug] [2020-01-19T17:02:44.756Z] ----------------------------------------------------------------------
[debug] [2020-01-19T17:02:44.759Z] Command:       C:\Program Files\nodejs\node.exe C:\Users\pakin.ming\AppData\Roaming\npm\node_modules\firebase-tools\lib\bin\firebase.js deploy --only functions
[debug] [2020-01-19T17:02:44.759Z] CLI Version:   7.12.1
[debug] [2020-01-19T17:02:44.759Z] Platform:      win32
[debug] [2020-01-19T17:02:44.759Z] Node Version:  v12.14.1
[debug] [2020-01-19T17:02:44.761Z] Time:          Mon Jan 20 2020 00:02:44 GMT+0700 (Indochina Time)
[debug] [2020-01-19T17:02:44.761Z] ----------------------------------------------------------------------
[debug] [2020-01-19T17:02:44.761Z] 
[debug] [2020-01-19T17:02:44.773Z] > command requires scopes: ["email","openid","https://www.googleapis.com/auth/cloudplatformprojects.readonly","https://www.googleapis.com/auth/firebase","https://www.googleapis.com/auth/cloud-platform"]
[debug] [2020-01-19T17:02:44.774Z] > authorizing via signed-in user
[debug] [2020-01-19T17:02:44.775Z] [iam] checking project anundatechfirstwebsite for permissions ["cloudfunctions.functions.create","cloudfunctions.functions.delete","cloudfunctions.functions.get","cloudfunctions.functions.list","cloudfunctions.functions.update","cloudfunctions.operations.get","firebase.projects.get"]
[debug] [2020-01-19T17:02:44.777Z] >>> HTTP REQUEST POST https://cloudresourcemanager.googleapis.com/v1/projects/anundatechfirstwebsite:testIamPermissions  

[debug] [2020-01-19T17:02:46.063Z] <<< HTTP RESPONSE 200
[info] 
[info] === Deploying to 'anundatechfirstwebsite'...
[info] 
[info] i  deploying functions
[info] Running command: npm --prefix "$RESOURCE_DIR" run lint
[info] +  functions: Finished running predeploy script.
[debug] [2020-01-19T17:04:46.000Z] > [functions] package.json contents: {
  "name": "functions",
  "description": "Cloud Functions for Firebase",
  "scripts": {
    "lint": "eslint .",
    "serve": "firebase serve --only functions",
    "shell": "firebase functions:shell",
    "start": "npm run shell",
    "deploy": "firebase deploy --only functions",
    "logs": "firebase functions:log"
  },
  "engines": {
    "node": "8"
  },
  "dependencies": {
    "firebase-admin": "^8.6.0",
    "firebase-functions": "^3.3.0",
    "sendgrid": "^5.2.3"
  },
  "devDependencies": {
    "eslint": "^5.12.0",
    "eslint-plugin-promise": "^4.0.1",
    "firebase-functions-test": "^0.1.6"
  },
  "private": true
}
[info] i  functions: ensuring necessary APIs are enabled...
[debug] [2020-01-19T17:04:46.007Z] >>> HTTP REQUEST GET https://serviceusage.googleapis.com/v1/projects/anundatechfirstwebsite/services/cloudfunctions.googleapis.com  
 
[debug] [2020-01-19T17:04:46.008Z] >>> HTTP REQUEST GET https://serviceusage.googleapis.com/v1/projects/anundatechfirstwebsite/services/runtimeconfig.googleapis.com  
 
[debug] [2020-01-19T17:04:47.549Z] <<< HTTP RESPONSE 200
[debug] [2020-01-19T17:04:47.609Z] <<< HTTP RESPONSE 200
[info] +  functions: all necessary APIs are enabled
[debug] [2020-01-19T17:04:47.613Z] >>> HTTP REQUEST GET https://firebase.googleapis.com/v1beta1/projects/anundatechfirstwebsite/adminSdkConfig  
 
[debug] [2020-01-19T17:04:47.892Z] <<< HTTP RESPONSE 200
[info] i  functions: preparing functions directory for uploading...
[debug] [2020-01-19T17:04:47.906Z] >>> HTTP REQUEST GET https://runtimeconfig.googleapis.com/v1beta1/projects/anundatechfirstwebsite/configs  
 
[debug] [2020-01-19T17:04:48.262Z] <<< HTTP RESPONSE 200
[info] i  functions: packaged functions (40.88 KB) for uploading
[debug] [2020-01-19T17:04:48.653Z] >>> HTTP REQUEST POST https://cloudfunctions.googleapis.com/v1/projects/anundatechfirstwebsite/locations/us-central1/functions:generateUploadUrl  
 
[debug] [2020-01-19T17:05:21.803Z] <<< HTTP RESPONSE 200
[debug] [2020-01-19T17:05:21.805Z] >>> HTTP REQUEST PUT https://storage.googleapis.com/gcf-upload-us-central1-a0e99f93-8782-46e7-bebc-5cafe81c92f1/3250457a-4e9b-47e0-91e4-fd2581cf387f.zip?GoogleAccessId=service-780011251240@gcf-admin-robot.iam.gserviceaccount.com&Expires=1579455322&Signature=N7wUPNL31htHC432fdP6Vx1vcj5wXpQt%2FSS2oG%2Ffc7NW%2FFfKqAOmApVwN%2FghuNwZJrhBGJir0o4OTRQJmMz2vAUGZ3SD6jj4Fkoq90rgqTSj%2Fg6RBO%2FWMrhbzbB6q98kuLfdNMZs%2BY2WsQLw3m6czHLBqpWsuvyMUJuh0%2F4XpZa6%2FdBK6qLL2rMOt%2BBLicG28fWjmgpGBEFUZOulo3jkRisYdzQZrI0wirU7JeQle%2BWxFAdKFsBNx9Xc1bnf3t9IFiVpbFrV5oZ%2F%2Bp4uclCK0LSz55zRCrgU21%2FiOqxCQlQ93jZipTKxQWElii%2Bjv4zfjVHbQxQ%2FOevPXnpbk%2B9%2BmQ%3D%3D  
 <request body omitted>
[debug] [2020-01-19T17:05:22.313Z] <<< HTTP RESPONSE 200
[info] +  functions: functions folder uploaded successfully
[debug] [2020-01-19T17:05:22.318Z] >>> HTTP REQUEST GET https://cloudfunctions.googleapis.com/v1/projects/anundatechfirstwebsite/locations/-/functions  
 
[debug] [2020-01-19T17:05:43.326Z] [functions] failed to list functions for anundatechfirstwebsite
[debug] [2020-01-19T17:05:43.326Z] [functions] Server Error. connect ETIMEDOUT 216.58.221.202:443
[debug] [2020-01-19T17:06:04.343Z] 
[error] 
[error] Error: An unexpected error has occurred.
